<?xml version="1.0" encoding="UTF-8"?>
<!-- Generated by org.testng.reporters.JUnitXMLReporter -->
<testsuite ignored="0" hostname="LAPTOP-J843U7OO" failures="0" tests="3" name="Default test" time="9.024" errors="0" timestamp="27 Jul 2024 13:11:55 GMT">
  <testcase classname="tests.LoginTest" name="TC01_LoginSuccessTest" time="0.773"/>
  <testcase classname="tests.LoginTest" name="TC02_LoginFailureTest" time="0.371"/>
  <testcase classname="tests.LoginTest" name="TC03_LockedUserTest" time="0.51"/>
</testsuite> <!-- Default test -->
