<?xml version="1.0" encoding="UTF-8"?>
<testng-results ignored="0" total="3" passed="3" failed="0" skipped="0">
  <reporter-output>
  </reporter-output>
  <suite started-at="2024-07-27T13:11:46Z" name="Default suite" finished-at="2024-07-27T13:11:55Z" duration-ms="9024">
    <groups>
    </groups>
    <test started-at="2024-07-27T13:11:46Z" name="Default test" finished-at="2024-07-27T13:11:55Z" duration-ms="9024">
      <class name="tests.LoginTest">
        <test-method is-config="true" signature="setup()[pri:0, instance:tests.LoginTest@73cd37c0]" started-at="2024-07-27T13:11:46Z" name="setup" finished-at="2024-07-27T13:11:49Z" duration-ms="2787" status="PASS">
          <reporter-output>
          </reporter-output>
        </test-method> <!-- setup -->
        <test-method signature="TC01_LoginSuccessTest()[pri:0, instance:tests.LoginTest@73cd37c0]" started-at="2024-07-27T13:11:49Z" name="TC01_LoginSuccessTest" finished-at="2024-07-27T13:11:50Z" duration-ms="773" status="PASS">
          <reporter-output>
          </reporter-output>
        </test-method> <!-- TC01_LoginSuccessTest -->
        <test-method is-config="true" signature="tearDown()[pri:0, instance:tests.LoginTest@73cd37c0]" started-at="2024-07-27T13:11:50Z" name="tearDown" finished-at="2024-07-27T13:11:50Z" duration-ms="137" status="PASS">
          <reporter-output>
          </reporter-output>
        </test-method> <!-- tearDown -->
        <test-method is-config="true" signature="setup()[pri:0, instance:tests.LoginTest@73cd37c0]" started-at="2024-07-27T13:11:50Z" name="setup" finished-at="2024-07-27T13:11:52Z" duration-ms="2246" status="PASS">
          <reporter-output>
          </reporter-output>
        </test-method> <!-- setup -->
        <test-method signature="TC02_LoginFailureTest()[pri:0, instance:tests.LoginTest@73cd37c0]" started-at="2024-07-27T13:11:52Z" name="TC02_LoginFailureTest" finished-at="2024-07-27T13:11:52Z" duration-ms="371" status="PASS">
          <reporter-output>
          </reporter-output>
        </test-method> <!-- TC02_LoginFailureTest -->
        <test-method is-config="true" signature="tearDown()[pri:0, instance:tests.LoginTest@73cd37c0]" started-at="2024-07-27T13:11:52Z" name="tearDown" finished-at="2024-07-27T13:11:53Z" duration-ms="126" status="PASS">
          <reporter-output>
          </reporter-output>
        </test-method> <!-- tearDown -->
        <test-method is-config="true" signature="setup()[pri:0, instance:tests.LoginTest@73cd37c0]" started-at="2024-07-27T13:11:53Z" name="setup" finished-at="2024-07-27T13:11:55Z" duration-ms="1923" status="PASS">
          <reporter-output>
          </reporter-output>
        </test-method> <!-- setup -->
        <test-method signature="TC03_LockedUserTest()[pri:0, instance:tests.LoginTest@73cd37c0]" started-at="2024-07-27T13:11:55Z" name="TC03_LockedUserTest" finished-at="2024-07-27T13:11:55Z" duration-ms="510" status="PASS">
          <reporter-output>
          </reporter-output>
        </test-method> <!-- TC03_LockedUserTest -->
        <test-method is-config="true" signature="tearDown()[pri:0, instance:tests.LoginTest@73cd37c0]" started-at="2024-07-27T13:11:55Z" name="tearDown" finished-at="2024-07-27T13:11:55Z" duration-ms="118" status="PASS">
          <reporter-output>
          </reporter-output>
        </test-method> <!-- tearDown -->
      </class> <!-- tests.LoginTest -->
    </test> <!-- Default test -->
  </suite> <!-- Default suite -->
</testng-results>
